<?xml version="1.0" encoding="UTF-8"?>
<testsuite xmlns:xsi="http://www.w3.org/2001/XMLSchema-instance" xsi:noNamespaceSchemaLocation="https://maven.apache.org/surefire/maven-surefire-plugin/xsd/surefire-test-report-3.0.xsd" version="3.0" name="com.effective.mobile.tasks.TasksApplicationTests" time="4.26" tests="9" errors="0" skipped="0" failures="0">
  <properties>
[...]
</properties>
  <testcase name="updateTaskSuccess" classname="com.effective.mobile.tasks.TasksApplicationTests" time="0.458">
    <system-out><![CDATA[10:20:18.341 [main] INFO org.springframework.test.context.support.AnnotationConfigContextLoaderUtils -- Could not detect default configuration classes for test class [com.effective.mobile.tasks.TasksApplicationTests]: TasksApplicationTests does not declare any static, non-private, non-final, nested classes annotated with @Configuration.
10:20:18.401 [main] INFO org.springframework.boot.test.context.SpringBootTestContextBootstrapper -- Found @SpringBootConfiguration com.effective.mobile.tasks.TasksApplication for test class com.effective.mobile.tasks.TasksApplicationTests

  .   ____          _            __ _ _
 /\\ / ___'_ __ _ _(_)_ __  __ _ \ \ \ \
( ( )\___ | '_ | '_| | '_ \/ _` | \ \ \ \
 \\/  ___)| |_)| | | | | || (_| |  ) ) ) )
  '  |____| .__|_| |_|_| |_\__, | / / / /
 =========|_|==============|___/=/_/_/_/

 :: Spring Boot ::                (v3.3.2)

2024-08-13T10:20:18.614+03:00  INFO 36321 --- [           main] c.e.mobile.tasks.TasksApplicationTests   : Starting TasksApplicationTests using Java 18.0.2-ea with PID 36321 (started by dorthava in /home/dorthava/IdeaProjects/tasks)
2024-08-13T10:20:18.615+03:00  INFO 36321 --- [           main] c.e.mobile.tasks.TasksApplicationTests   : No active profile set, falling back to 1 default profile: "default"
2024-08-13T10:20:19.259+03:00  INFO 36321 --- [           main] .s.d.r.c.RepositoryConfigurationDelegate : Bootstrapping Spring Data JPA repositories in DEFAULT mode.
2024-08-13T10:20:19.292+03:00  INFO 36321 --- [           main] .s.d.r.c.RepositoryConfigurationDelegate : Finished Spring Data repository scanning in 28 ms. Found 2 JPA repository interfaces.
2024-08-13T10:20:19.630+03:00  INFO 36321 --- [           main] com.zaxxer.hikari.HikariDataSource       : HikariPool-1 - Starting...
2024-08-13T10:20:19.831+03:00  INFO 36321 --- [           main] com.zaxxer.hikari.pool.HikariPool        : HikariPool-1 - Added connection org.postgresql.jdbc.PgConnection@7d7d8911
2024-08-13T10:20:19.832+03:00  INFO 36321 --- [           main] com.zaxxer.hikari.HikariDataSource       : HikariPool-1 - Start completed.
2024-08-13T10:20:19.852+03:00  INFO 36321 --- [           main] org.flywaydb.core.FlywayExecutor         : Database: jdbc:postgresql://localhost:5432/task (PostgreSQL 16.4)
2024-08-13T10:20:19.888+03:00  INFO 36321 --- [           main] o.f.core.internal.command.DbValidate     : Successfully validated 4 migrations (execution time 00:00.021s)
2024-08-13T10:20:19.924+03:00  INFO 36321 --- [           main] o.f.core.internal.command.DbMigrate      : Current version of schema "public": 00004
2024-08-13T10:20:19.926+03:00  INFO 36321 --- [           main] o.f.core.internal.command.DbMigrate      : Schema "public" is up to date. No migration necessary.
2024-08-13T10:20:19.980+03:00  INFO 36321 --- [           main] o.hibernate.jpa.internal.util.LogHelper  : HHH000204: Processing PersistenceUnitInfo [name: default]
2024-08-13T10:20:20.009+03:00  INFO 36321 --- [           main] org.hibernate.Version                    : HHH000412: Hibernate ORM core version 6.5.2.Final
2024-08-13T10:20:20.027+03:00  INFO 36321 --- [           main] o.h.c.internal.RegionFactoryInitiator    : HHH000026: Second-level cache disabled
2024-08-13T10:20:20.178+03:00  INFO 36321 --- [           main] o.s.o.j.p.SpringPersistenceUnitInfo      : No LoadTimeWeaver setup: ignoring JPA class transformer
2024-08-13T10:20:20.775+03:00  INFO 36321 --- [           main] o.h.e.t.j.p.i.JtaPlatformInitiator       : HHH000489: No JTA platform available (set 'hibernate.transaction.jta.platform' to enable JTA platform integration)
2024-08-13T10:20:20.777+03:00  INFO 36321 --- [           main] j.LocalContainerEntityManagerFactoryBean : Initialized JPA EntityManagerFactory for persistence unit 'default'
2024-08-13T10:20:20.985+03:00  INFO 36321 --- [           main] r$InitializeUserDetailsManagerConfigurer : Global AuthenticationManager configured with UserDetailsService bean with name customUserDetailsService
2024-08-13T10:20:21.007+03:00  INFO 36321 --- [           main] o.s.d.j.r.query.QueryEnhancerFactory     : Hibernate is in classpath; If applicable, HQL parser will be used.
2024-08-13T10:20:21.271+03:00  WARN 36321 --- [           main] JpaBaseConfiguration$JpaWebConfiguration : spring.jpa.open-in-view is enabled by default. Therefore, database queries may be performed during view rendering. Explicitly configure spring.jpa.open-in-view to disable this warning
2024-08-13T10:20:21.682+03:00  INFO 36321 --- [           main] o.s.b.t.m.w.SpringBootMockServletContext : Initializing Spring TestDispatcherServlet ''
2024-08-13T10:20:21.682+03:00  INFO 36321 --- [           main] o.s.t.web.servlet.TestDispatcherServlet  : Initializing Servlet ''
2024-08-13T10:20:21.683+03:00  INFO 36321 --- [           main] o.s.t.web.servlet.TestDispatcherServlet  : Completed initialization in 1 ms
2024-08-13T10:20:21.704+03:00  INFO 36321 --- [           main] c.e.mobile.tasks.TasksApplicationTests   : Started TasksApplicationTests in 3.226 seconds (process running for 3.858)
Hibernate: select u1_0.id,u1_0.email,u1_0.password,u1_0.role,u1_0.username from users u1_0 where u1_0.email=?
Hibernate: select t1_0.id from tasks t1_0 where t1_0.id=? and t1_0.author_id=? fetch first ? rows only
Hibernate: update tasks t1_0 set title=? where t1_0.id=?
Hibernate: select t1_0.id,t1_0.assignee_id,a1_0.id,a1_0.email,a1_0.password,a1_0.role,a1_0.username,t1_0.author_id,a2_0.id,a2_0.email,a2_0.password,a2_0.role,a2_0.username,t1_0.description,t1_0.priority,t1_0.status,t1_0.title from tasks t1_0 join users a1_0 on a1_0.id=t1_0.assignee_id join users a2_0 on a2_0.id=t1_0.author_id where t1_0.id=?
]]></system-out>
  </testcase>
  <testcase name="updateStatusTaskSuccess" classname="com.effective.mobile.tasks.TasksApplicationTests" time="0.02">
    <system-out><![CDATA[Hibernate: select t1_0.id,t1_0.assignee_id,a1_0.id,a1_0.email,a1_0.password,a1_0.role,a1_0.username,t1_0.author_id,a2_0.id,a2_0.email,a2_0.password,a2_0.role,a2_0.username,t1_0.description,t1_0.priority,t1_0.status,t1_0.title from tasks t1_0 join users a1_0 on a1_0.id=t1_0.assignee_id join users a2_0 on a2_0.id=t1_0.author_id where t1_0.id=?
Hibernate: select u1_0.id,u1_0.email,u1_0.password,u1_0.role,u1_0.username from users u1_0 where u1_0.email=?
Hibernate: select ta1_0.assignee_id,ta1_0.id,ta1_0.author_id,a2_0.id,a2_0.email,a2_0.password,a2_0.role,a2_0.username,ta1_0.description,ta1_0.priority,ta1_0.status,ta1_0.title from tasks ta1_0 left join users a2_0 on a2_0.id=ta1_0.author_id where ta1_0.assignee_id=?
Hibernate: update tasks t1_0 set status=? where t1_0.id=?
]]></system-out>
  </testcase>
  <testcase name="SignUpError" classname="com.effective.mobile.tasks.TasksApplicationTests" time="0.084">
    <system-out><![CDATA[Hibernate: select u1_0.id from users u1_0 where u1_0.username=? fetch first ? rows only
Hibernate: select u1_0.id from users u1_0 where u1_0.email=? fetch first ? rows only
]]></system-out>
  </testcase>
  <testcase name="updateStatusWrongUserTaskError" classname="com.effective.mobile.tasks.TasksApplicationTests" time="0.011">
    <system-out><![CDATA[Hibernate: select t1_0.id,t1_0.assignee_id,a1_0.id,a1_0.email,a1_0.password,a1_0.role,a1_0.username,t1_0.author_id,a2_0.id,a2_0.email,a2_0.password,a2_0.role,a2_0.username,t1_0.description,t1_0.priority,t1_0.status,t1_0.title from tasks t1_0 join users a1_0 on a1_0.id=t1_0.assignee_id join users a2_0 on a2_0.id=t1_0.author_id where t1_0.id=?
Hibernate: select u1_0.id,u1_0.email,u1_0.password,u1_0.role,u1_0.username from users u1_0 where u1_0.email=?
Hibernate: select ta1_0.assignee_id,ta1_0.id,ta1_0.author_id,a2_0.id,a2_0.email,a2_0.password,a2_0.role,a2_0.username,ta1_0.description,ta1_0.priority,ta1_0.status,ta1_0.title from tasks ta1_0 left join users a2_0 on a2_0.id=ta1_0.author_id where ta1_0.assignee_id=?
Hibernate: select tc1_0.author_id,tc1_0.id,tc1_0.assignee_id,a1_0.id,a1_0.email,a1_0.password,a1_0.role,a1_0.username,tc1_0.description,tc1_0.priority,tc1_0.status,tc1_0.title from tasks tc1_0 left join users a1_0 on a1_0.id=tc1_0.assignee_id where tc1_0.author_id=?
]]></system-out>
  </testcase>
  <testcase name="createTaskSuccess" classname="com.effective.mobile.tasks.TasksApplicationTests" time="0.03">
    <system-out><![CDATA[Hibernate: select u1_0.id,u1_0.email,u1_0.password,u1_0.role,u1_0.username from users u1_0 where u1_0.email=?
Hibernate: select u1_0.id,u1_0.email,u1_0.password,u1_0.role,u1_0.username from users u1_0 where u1_0.username=?
Hibernate: insert into tasks (assignee_id,author_id,description,priority,status,title) values (?,?,?,?,?,?) returning id
]]></system-out>
  </testcase>
  <testcase name="deleteTaskError" classname="com.effective.mobile.tasks.TasksApplicationTests" time="0.01">
    <system-out><![CDATA[Hibernate: select u1_0.id,u1_0.email,u1_0.password,u1_0.role,u1_0.username from users u1_0 where u1_0.email=?
Hibernate: select t1_0.id,t1_0.assignee_id,a1_0.id,a1_0.email,a1_0.password,a1_0.role,a1_0.username,t1_0.author_id,a2_0.id,a2_0.email,a2_0.password,a2_0.role,a2_0.username,t1_0.description,t1_0.priority,t1_0.status,t1_0.title from tasks t1_0 join users a1_0 on a1_0.id=t1_0.assignee_id join users a2_0 on a2_0.id=t1_0.author_id where t1_0.id=?
]]></system-out>
  </testcase>
  <testcase name="SignInSuccess" classname="com.effective.mobile.tasks.TasksApplicationTests" time="0.155">
    <system-out><![CDATA[Hibernate: select u1_0.id,u1_0.email,u1_0.password,u1_0.role,u1_0.username from users u1_0 where u1_0.email=?
Hibernate: select u1_0.id,u1_0.email,u1_0.password,u1_0.role,u1_0.username from users u1_0 where u1_0.email=?
]]></system-out>
  </testcase>
  <testcase name="findTaskSuccess" classname="com.effective.mobile.tasks.TasksApplicationTests" time="0.01">
    <system-out><![CDATA[Hibernate: select u1_0.id,u1_0.email,u1_0.password,u1_0.role,u1_0.username from users u1_0 where u1_0.username=?
Hibernate: select ta1_0.assignee_id,ta1_0.id,ta1_0.author_id,a2_0.id,a2_0.email,a2_0.password,a2_0.role,a2_0.username,ta1_0.description,ta1_0.priority,ta1_0.status,ta1_0.title from tasks ta1_0 left join users a2_0 on a2_0.id=ta1_0.author_id where ta1_0.assignee_id=?
]]></system-out>
  </testcase>
  <testcase name="updateTaskNoAuthorError" classname="com.effective.mobile.tasks.TasksApplicationTests" time="0.008">
    <system-out><![CDATA[Hibernate: select u1_0.id,u1_0.email,u1_0.password,u1_0.role,u1_0.username from users u1_0 where u1_0.email=?
Hibernate: select t1_0.id from tasks t1_0 where t1_0.id=? and t1_0.author_id=? fetch first ? rows only
]]></system-out>
  </testcase>
</testsuite>